#
# A fatal error has been detected by the Java Runtime Environment:
#
#  EXCEPTION_ACCESS_VIOLATION (0xc0000005) at pc=0x000000000f1206af, pid=2764, tid=6296
#
# JRE version: 7.0_05-b05
# Java VM: Java HotSpot(TM) 64-Bit Server VM (23.1-b03 mixed mode windows-amd64 compressed oops)
# Problematic frame:
# C  [nvcuda.dll+0x1106af]  clGetPlatformInfo+0xdd2f
#
# Failed to write core dump. Minidumps are not enabled by default on client versions of Windows
#
# If you would like to submit a bug report, please visit:
#   http://bugreport.sun.com/bugreport/crash.jsp
# The crash happened outside the Java Virtual Machine in native code.
# See problematic frame for where to report the bug.
#

---------------  T H R E A D  ---------------

Current thread (0x000000000bde0000):  JavaThread "Thread-0" [_thread_in_native, id=6296, stack(0x000000000d9f0000,0x000000000daf0000)]

siginfo: ExceptionCode=0xc0000005, reading address 0x00000000000000d6

Registers:
RAX=0x0000000000000002, RBX=0x0000000000000019, RCX=0x000000000f1206a7, RDX=0x000000000ea558b0
RSP=0x000000000daef150, RBP=0x0000000000000005, RSI=0x0000000010689270, RDI=0x00000000107682c0
R8 =0x0000000000000008, R9 =0x00000000d79a88b8, R10=0x000000000f010000, R11=0x00000000d79a88b8
R12=0x0000000000000000, R13=0x000000007d1b63b8, R14=0x000000000daef288, R15=0x000000000bde0000
RIP=0x000000000f1206af, EFLAGS=0x0000000000010202

Top of Stack: (sp=0x000000000daef150)
0x000000000daef150:   000000000daef1a8 000000077d1a1f18
0x000000000daef160:   000000000000000c 00000007d79a88b8
0x000000000daef170:   000000000bde01d8 000007feea46cea8
0x000000000daef180:   0000000000000000 000000000daef288
0x000000000daef190:   000000000daef200 000000000bde0e08
0x000000000daef1a0:   00000000028b89d0 00000000029c61f8
0x000000000daef1b0:   00000000029c6374 00000000029d23a8
0x000000000daef1c0:   00000000efa34380 000000077d1b63b8
0x000000000daef1d0:   000000000daef248 000000000daef220
0x000000000daef1e0:   0000000000000008 000000000daef268
0x000000000daef1f0:   000000077d190b18 0000000000000000
0x000000000daef200:   000000000daef218 000000000daef208
0x000000000daef210:   0000000000000000 000000000daef288
0x000000000daef220:   000000077d1bfe58 0000000000000000
0x000000000daef230:   000000077d1b63b8 0000000000000000
0x000000000daef240:   000000000daef268 000000000daef2d0 

Instructions: (pc=0x000000000f1206af)
0x000000000f12068f:   df 08 74 ad 48 8b 5c 24 38 48 8b 7c 24 20 b8 cd
0x000000000f12069f:   ff ff ff 48 83 c4 28 c3 49 8b 01 48 85 c0 74 71
0x000000000f1206af:   83 b8 d4 00 00 00 01 74 2c 48 8b 5c 24 38 48 8b
0x000000000f1206bf:   7c 24 20 b8 da ff ff ff 48 83 c4 28 c3 49 8b 01 


Register to memory mapping:

RAX=0x0000000000000002 is an unknown value
RBX=0x0000000000000019 is an unknown value
RCX=0x000000000f1206a7 is an unknown value
RDX=0x000000000ea558b0 is an unknown value
RSP=0x000000000daef150 is pointing into the stack for thread: 0x000000000bde0000
RBP=0x0000000000000005 is an unknown value
RSI=0x0000000010689270 is an unknown value
RDI=0x00000000107682c0 is an unknown value
R8 =0x0000000000000008 is an unknown value
R9 =0x00000000d79a88b8 is an unknown value
R10=0x000000000f010000 is an unknown value
R11=0x00000000d79a88b8 is an unknown value
R12=0x0000000000000000 is an unknown value
R13=0x000000007d1b63b8 is an oop
{method} 
 - klass: {other class}
R14=0x000000000daef288 is pointing into the stack for thread: 0x000000000bde0000
R15=0x000000000bde0000 is a thread


Stack: [0x000000000d9f0000,0x000000000daf0000],  sp=0x000000000daef150,  free space=1020k
Native frames: (J=compiled Java code, j=interpreted, Vv=VM code, C=native code)
C  [nvcuda.dll+0x1106af]  clGetPlatformInfo+0xdd2f

Java frames: (J=compiled Java code, j=interpreted, Vv=VM code)
j  org.jocl.CL.clSetKernelArgNative(Lorg/jocl/cl_kernel;IJLorg/jocl/Pointer;)I+0
j  org.jocl.CL.clSetKernelArg(Lorg/jocl/cl_kernel;IJLorg/jocl/Pointer;)I+5
j  util.acceleration.CLRunner.executePix([I[I[F[F[F)[I+353
j  graphics.aura.Teardrop.render(Ljava/awt/Graphics2D;)V+162
j  ui.Disp.paints()V+116
j  ui.Disp.update()V+28
j  core.Core.update()V+13
j  core.AbstractCore.run()V+63
j  java.lang.Thread.run()V+11
v  ~StubRoutines::call_stub

---------------  P R O C E S S  ---------------

Java Threads: ( => current thread )
  0x000000000dc9c000 JavaThread "AWT-EventQueue-0" [_thread_blocked, id=8516, stack(0x000000000e2e0000,0x000000000e3e0000)]
  0x00000000025fe000 JavaThread "DestroyJavaVM" [_thread_blocked, id=10644, stack(0x00000000028c0000,0x00000000029c0000)]
  0x000000000dbf2000 JavaThread "AWT-Windows" daemon [_thread_in_native, id=1012, stack(0x000000000e070000,0x000000000e170000)]
  0x000000000dbf1800 JavaThread "AWT-Shutdown" [_thread_blocked, id=10168, stack(0x000000000d8f0000,0x000000000d9f0000)]
  0x000000000dbeb800 JavaThread "Java2D Disposer" daemon [_thread_blocked, id=612, stack(0x000000000df70000,0x000000000e070000)]
=>0x000000000bde0000 JavaThread "Thread-0" [_thread_in_native, id=6296, stack(0x000000000d9f0000,0x000000000daf0000)]
  0x000000000bdb2800 JavaThread "Service Thread" daemon [_thread_blocked, id=10544, stack(0x000000000d790000,0x000000000d890000)]
  0x000000000bdb2000 JavaThread "C2 CompilerThread1" daemon [_thread_blocked, id=8836, stack(0x000000000d4b0000,0x000000000d5b0000)]
  0x000000000bd98000 JavaThread "C2 CompilerThread0" daemon [_thread_blocked, id=7908, stack(0x000000000d2e0000,0x000000000d3e0000)]
  0x000000000bd95800 JavaThread "Attach Listener" daemon [_thread_blocked, id=3704, stack(0x000000000cf70000,0x000000000d070000)]
  0x000000000bd8e800 JavaThread "Signal Dispatcher" daemon [_thread_blocked, id=6032, stack(0x000000000d1e0000,0x000000000d2e0000)]
  0x0000000002716000 JavaThread "Finalizer" daemon [_thread_blocked, id=8688, stack(0x000000000d0b0000,0x000000000d1b0000)]
  0x000000000270f000 JavaThread "Reference Handler" daemon [_thread_blocked, id=8540, stack(0x000000000cde0000,0x000000000cee0000)]

Other Threads:
  0x000000000bd13800 VMThread [stack: 0x000000000ccc0000,0x000000000cdc0000] [id=9852]
  0x000000000bdcb800 WatcherThread [stack: 0x000000000d5e0000,0x000000000d6e0000] [id=7948]

VM state:not at safepoint (normal execution)

VM Mutex/Monitor currently owned by a thread: None

Heap
 PSYoungGen      total 37696K, used 28003K [0x00000000d5eb0000, 0x00000000d88c0000, 0x0000000000000000)
  eden space 32320K, 86% used [0x00000000d5eb0000,0x00000000d7a08f30,0x00000000d7e40000)
  from space 5376K, 0% used [0x00000000d8380000,0x00000000d8380000,0x00000000d88c0000)
  to   space 5376K, 0% used [0x00000000d7e40000,0x00000000d7e40000,0x00000000d8380000)
 ParOldGen       total 86144K, used 0K [0x0000000081c00000, 0x0000000087020000, 0x00000000d5eb0000)
  object space 86144K, 0% used [0x0000000081c00000,0x0000000081c00000,0x0000000087020000)
 PSPermGen       total 21248K, used 8122K [0x000000007ca00000, 0x000000007dec0000, 0x0000000081c00000)
  object space 21248K, 38% used [0x000000007ca00000,0x000000007d1ee970,0x000000007dec0000)

Code Cache  [0x00000000029c0000, 0x0000000002c30000, 0x00000000059c0000)
 total_blobs=389 nmethods=9 adapters=332 free_code_cache=48651Kb largest_free_block=49805120

Compilation events (10 events):
Event: 0.140 Thread 0x000000000bdb2000    5             java.lang.String::charAt (33 bytes)
Event: 0.141 Thread 0x000000000bdb2000 nmethod 5 0x0000000002a36910 code [0x0000000002a36a40, 0x0000000002a36af8]
Event: 0.141 Thread 0x000000000bd98000    6             java.lang.String::indexOf (87 bytes)
Event: 0.142 Thread 0x000000000bd98000 nmethod 6 0x0000000002a36310 code [0x0000000002a36460, 0x0000000002a36608]
Event: 0.165 Thread 0x000000000bdb2000    7             java.util.Arrays::binarySearch0 (95 bytes)
Event: 0.168 Thread 0x000000000bdb2000 nmethod 7 0x0000000002a36f50 code [0x0000000002a370a0, 0x0000000002a37258]
Event: 0.175 Thread 0x000000000bd98000    1 %           graphics.aura.Teardrop::render @ 34 (191 bytes)
Event: 0.182 Thread 0x000000000bd98000 nmethod 1% 0x0000000002a3ac90 code [0x0000000002a3ade0, 0x0000000002a3b258]
Event: 0.540 Thread 0x000000000bdb2000    8             java.lang.String::lastIndexOf (68 bytes)
Event: 0.541 Thread 0x000000000bdb2000 nmethod 8 0x0000000002a404d0 code [0x0000000002a40620, 0x0000000002a407c8]

GC Heap History (0 events):
No events

Deoptimization events (1 events):
Event: 0.184 Thread 0x000000000bde0000 Uncommon trap 116 fr.pc 0x0000000002a3b1f0

Internal exceptions (10 events):
Event: 0.202 Thread 0x000000000bde0000 Threw 0x00000000d7990cb0 at C:\jdk7u1_64p\jdk7u5\hotspot\src\share\vm\prims\jvm.cpp:1166
Event: 0.202 Thread 0x000000000bde0000 Threw 0x00000000d7992b28 at C:\jdk7u1_64p\jdk7u5\hotspot\src\share\vm\prims\jvm.cpp:1166
Event: 0.203 Thread 0x000000000bde0000 Threw 0x00000000d79948e8 at C:\jdk7u1_64p\jdk7u5\hotspot\src\share\vm\prims\jvm.cpp:1166
Event: 0.203 Thread 0x000000000bde0000 Threw 0x00000000d7996708 at C:\jdk7u1_64p\jdk7u5\hotspot\src\share\vm\prims\jvm.cpp:1166
Event: 0.203 Thread 0x000000000bde0000 Threw 0x00000000d7998400 at C:\jdk7u1_64p\jdk7u5\hotspot\src\share\vm\prims\jvm.cpp:1166
Event: 0.203 Thread 0x000000000bde0000 Threw 0x00000000d799a0a0 at C:\jdk7u1_64p\jdk7u5\hotspot\src\share\vm\prims\jvm.cpp:1166
Event: 0.204 Thread 0x000000000bde0000 Threw 0x00000000d799c098 at C:\jdk7u1_64p\jdk7u5\hotspot\src\share\vm\prims\jvm.cpp:1166
Event: 0.517 Thread 0x000000000bde0000 Threw 0x00000000d799fb90 at C:\jdk7u1_64p\jdk7u5\hotspot\src\share\vm\prims\jvm.cpp:1166
Event: 0.517 Thread 0x000000000bde0000 Threw 0x00000000d79a2218 at C:\jdk7u1_64p\jdk7u5\hotspot\src\share\vm\prims\jvm.cpp:1166
Event: 0.540 Thread 0x000000000bde0000 Threw 0x00000000d79a5808 at C:\jdk7u1_64p\jdk7u5\hotspot\src\share\vm\prims\jvm.cpp:1166

Events (10 events):
Event: 0.206 loading class 0x000000000dd2caf0
Event: 0.206 loading class 0x000000000dd2caf0 done
Event: 0.517 loading class 0x000000000dd0a790
Event: 0.517 loading class 0x000000000dd0a790 done
Event: 0.517 loading class 0x000000000dd46a50
Event: 0.517 loading class 0x000000000dd46a50 done
Event: 0.518 loading class 0x000000000bdd01a0
Event: 0.518 loading class 0x000000000bdd01a0 done
Event: 0.540 loading class 0x000000000dd14260
Event: 0.540 loading class 0x000000000dd14260 done


Dynamic libraries:
0x000000003f780000 - 0x000000003f7b3000 	C:\Program Files\Java\jdk1.7.0_05\bin\java.exe
0x0000000077380000 - 0x0000000077529000 	C:\Windows\SYSTEM32\ntdll.dll
0x0000000076ca0000 - 0x0000000076dbf000 	C:\Windows\system32\kernel32.dll
0x00000000fd890000 - 0x00000000fd8fc000 	C:\Windows\system32\KERNELBASE.dll
0x00000000fed90000 - 0x00000000fee6b000 	C:\Windows\system32\ADVAPI32.dll
0x00000000fdce0000 - 0x00000000fdd7f000 	C:\Windows\system32\msvcrt.dll
0x00000000fdcc0000 - 0x00000000fdcdf000 	C:\Windows\SYSTEM32\sechost.dll
0x00000000fee70000 - 0x00000000fef9d000 	C:\Windows\system32\RPCRT4.dll
0x0000000077120000 - 0x000000007721a000 	C:\Windows\system32\USER32.dll
0x00000000fdd80000 - 0x00000000fdde7000 	C:\Windows\system32\GDI32.dll
0x00000000fed80000 - 0x00000000fed8e000 	C:\Windows\system32\LPK.dll
0x00000000ff5c0000 - 0x00000000ff689000 	C:\Windows\system32\USP10.dll
0x00000000fbc70000 - 0x00000000fbe64000 	C:\Windows\WinSxS\amd64_microsoft.windows.common-controls_6595b64144ccf1df_6.0.7601.17514_none_fa396087175ac9ac\COMCTL32.dll
0x00000000fde00000 - 0x00000000fde71000 	C:\Windows\system32\SHLWAPI.dll
0x00000000ff590000 - 0x00000000ff5be000 	C:\Windows\system32\IMM32.DLL
0x00000000fdbb0000 - 0x00000000fdcb9000 	C:\Windows\system32\MSCTF.dll
0x00000000fd790000 - 0x00000000fd7d4000 	C:\Windows\system32\nvinitx.dll
0x000000000f000000 - 0x000000000f006000 	C:\Program Files\NVIDIA Corporation\CoProcManager\_etoured.dll
0x00000000fa980000 - 0x00000000fa9c5000 	C:\Program Files\NVIDIA Corporation\CoProcManager\nvd3d9wrapx.dll
0x00000000ff3b0000 - 0x00000000ff587000 	C:\Windows\system32\SETUPAPI.dll
0x00000000fdb70000 - 0x00000000fdba6000 	C:\Windows\system32\CFGMGR32.dll
0x00000000fefa0000 - 0x00000000ff077000 	C:\Windows\system32\OLEAUT32.dll
0x00000000ff120000 - 0x00000000ff323000 	C:\Windows\system32\ole32.dll
0x00000000fd900000 - 0x00000000fd91a000 	C:\Windows\system32\DEVOBJ.dll
0x00000000fa940000 - 0x00000000fa977000 	C:\Program Files\NVIDIA Corporation\CoProcManager\nvdxgiwrapx.dll
0x000000006fd20000 - 0x000000006fdf1000 	C:\Program Files\Java\jdk1.7.0_05\jre\bin\msvcr100.dll
0x00000000655c0000 - 0x0000000065cda000 	C:\Program Files\Java\jdk1.7.0_05\jre\bin\server\jvm.dll
0x00000000f88b0000 - 0x00000000f88b9000 	C:\Windows\system32\WSOCK32.dll
0x00000000fec10000 - 0x00000000fec5d000 	C:\Windows\system32\WS2_32.dll
0x00000000fddf0000 - 0x00000000fddf8000 	C:\Windows\system32\NSI.dll
0x00000000fb640000 - 0x00000000fb67b000 	C:\Windows\system32\WINMM.dll
0x0000000077540000 - 0x0000000077547000 	C:\Windows\system32\PSAPI.DLL
0x0000000073990000 - 0x000000007399f000 	C:\Program Files\Java\jdk1.7.0_05\jre\bin\verify.dll
0x0000000073910000 - 0x0000000073938000 	C:\Program Files\Java\jdk1.7.0_05\jre\bin\java.dll
0x0000000073850000 - 0x0000000073865000 	C:\Program Files\Java\jdk1.7.0_05\jre\bin\zip.dll
0x0000000069710000 - 0x00000000698a4000 	C:\Program Files\Java\jdk1.7.0_05\jre\bin\awt.dll
0x00000000fb7f0000 - 0x00000000fb808000 	C:\Windows\system32\DWMAPI.DLL
0x0000000022200000 - 0x0000000022206000 	C:\Program Files\ESET\ESET Smart Security\eplgHooks.dll
0x00000000fd660000 - 0x00000000fd66f000 	C:\Windows\system32\CRYPTBASE.dll
0x00000000fde80000 - 0x00000000fec08000 	C:\Windows\system32\SHELL32.dll
0x0000000073150000 - 0x0000000073184000 	C:\Program Files\Java\jdk1.7.0_05\jre\bin\fontmanager.dll
0x00000000ff080000 - 0x00000000ff119000 	C:\Windows\system32\CLBCatQ.DLL
0x00000000ea460000 - 0x00000000ea4b0000 	C:\Users\kieda\AppData\Local\Temp\JOCL_0_1_8-windows-x86_64.dll
0x0000000080000000 - 0x0000000080014000 	C:\Windows\system32\OpenCL.dll
0x000000000f010000 - 0x000000000f806000 	C:\Windows\system32\nvcuda.dll
0x00000000f9e90000 - 0x00000000fa148000 	C:\Windows\system32\nvapi64.dll
0x00000000fca40000 - 0x00000000fca4c000 	C:\Windows\system32\VERSION.dll
0x00000000fdb30000 - 0x00000000fdb69000 	C:\Windows\system32\WINTRUST.dll
0x00000000fd9c0000 - 0x00000000fdb2a000 	C:\Windows\system32\CRYPT32.dll
0x00000000004f0000 - 0x00000000004ff000 	C:\Windows\system32\MSASN1.dll
0x00000000e93c0000 - 0x00000000e94e5000 	C:\Windows\system32\dbghelp.dll

VM Arguments:
jvm_args: -Dfile.encoding=UTF-8 -Djava.security.policy=applet.policy 
java_command: drivers.Main
Launcher Type: SUN_STANDARD

Environment Variables:
CLASSPATH=.;C:\Program Files (x86)\Java\jre7\lib\ext\QTJava.zip
PATH="C:\Program Files\NetBeans 7.1.2\bin\";C:\PROGRAM FILES\COMMON FILES\MICROSOFT SHARED\WINDOWS LIVE;C:\PROGRAM FILES (X86)\COMMON FILES\MICROSOFT SHARED\WINDOWS LIVE;C:\Windows\SYSTEM32;C:\Windows;C:\Windows\SYSTEM32\WBEM;C:\Windows\SYSTEM32\WINDOWSPOWERSHELL\V1.0\;C:\PROGRAM FILES\THINKPAD\BLUETOOTH SOFTWARE\;C:\PROGRAM FILES\THINKPAD\BLUETOOTH SOFTWARE\SYSWOW64;;C:\PROGRAM FILES (X86)\COMMON FILES\ULEAD SYSTEMS\MPEG;C:\PROGRAM FILES\COMMON FILES\LENOVO;C:\PROGRAM FILES (X86)\WINDOWS LIVE\SHARED;C:\SWTOOLS\READYAPPS;C:\PROGRAM FILES (X86)\INTEL\SERVICES\IPT\;C:\PROGRAM FILES (X86)\COMMON FILES\LENOVO;C:\PROGRAM FILES\INTEL\WIFI\BIN\;C:\PROGRAM FILES\COMMON FILES\INTEL\WIRELESSCOMMON\;C:\Program Files (x86)\Lenovo\Access Connections\;C:\Program Files (x86)\SSH Communications Security\SSH Tectia\SSH Tectia AUX;C:\Program Files (x86)\SSH Communications Security\SSH Tectia\SSH Tectia AUX\Support binaries;C:\Program Files (x86)\SSH Communications Security\SSH Tectia\SSH Tectia Broker;C:\Program Files (x86)\SSH Communications Security\SSH Tectia\SSH Tectia Client;C:\Program Files (x86)\QuickTime\QTSystem\;C:\Program Files (x86)\MiKTeX 2.9\miktex\bin\;C:\Program Files\Intel\WiFi\bin\;C:\Program Files\Common Files\Intel\WirelessCommon\
USERNAME=kieda
OS=Windows_NT
PROCESSOR_IDENTIFIER=Intel64 Family 6 Model 42 Stepping 7, GenuineIntel



---------------  S Y S T E M  ---------------

OS: Windows 7 , 64 bit Build 7601 Service Pack 1

CPU:total 4 (2 cores per cpu, 2 threads per core) family 6 model 42 stepping 7, cmov, cx8, fxsr, mmx, sse, sse2, sse3, ssse3, sse4.1, sse4.2, popcnt, avx, ht, tsc, tscinvbit

Memory: 4k page, physical 8268016k(4559364k free), swap 16534180k(12150148k free)

vm_info: Java HotSpot(TM) 64-Bit Server VM (23.1-b03) for windows-amd64 JRE (1.7.0_05-b05), built on May 15 2012 18:09:30 by "java_re" with unknown MS VC++:1600

time: Mon Dec 10 23:25:26 2012
elapsed time: 0 seconds

